[36mvite v5.4.21 [32mbuilding for production...[36m[39m
transforming...
node.exe : Found 1 warning 
while optimizing generated 
CSS:
At line:1 char:1
+ & "C:\Program 
Files\nodejs/node.exe" 
"C:\Program 
Files\nodejs/node_mo ...
+ ~~~~~~~~~~~~~~~~~~~~~~~~~
~~~~~~~~~~~~~~~~~~~~~~~~~~~
~~~~~~~~~~~~~~~~~
    + CategoryInfo         
     : NotSpecified: (Fou  
  nd 1 warning... genera   
 ted CSS::String) [], R    
emoteException
    + FullyQualifiedErrorI 
   d : NativeCommandError
 

[2mΓöé   }[22m
[2mΓöé }[22m
[2mΓöé[22m @import url('h
ttps://fonts.googleapis.com
/css2?family=Inter:wght@400
;500;600;700&display=swap')
;
[2mΓöå[22m        
[33m[2m^--[22m @import 
rules must precede all 
rules aside from @charset 
and @layer statements[39m
[2mΓöå[22m
[2mΓöé :root {[22m
[2mΓöé   --color-primary: 
#111827;[22m

[32mΓ£ô[39m 1485 modules transformed.
[31mx[39m Build failed 
in 2.13s
[31merror during build:
[31m[vite:esbuild] 
Transform failed with 1 
error:
C:/Users/User/OneDrive/Desk
top/HEALTH APP/frontend/src
/components/ui/input.jsx:4:
7: ERROR: Unexpected 
"interface"[31m
file: [36mC:/Users/User/On
eDrive/Desktop/HEALTH APP/f
rontend/src/components/ui/i
nput.jsx:4:7[31m
[33m
[33mUnexpected 
"interface"[33m
2  |  import { cn } from 
"../../lib/utils"
3  |  
4  |  export interface 
InputProps
   |         ^
5  |      extends React.Inp
utHTMLAttributes<HTMLInputE
lement> { }
6  |  
[31m
    at failureErrorWithLog 
(C:\Users\User\OneDrive\Des
ktop\HEALTH APP\frontend\no
de_modules\esbuild\lib\main
.js:1472:15)
    at C:\Users\User\OneDri
ve\Desktop\HEALTH APP\front
end\node_modules\esbuild\li
b\main.js:755:50
    at responseCallbacks.<c
omputed> (C:\Users\User\One
Drive\Desktop\HEALTH APP\fr
ontend\node_modules\esbuild
\lib\main.js:622:9)
    at 
handleIncomingPacket (C:\Us
ers\User\OneDrive\Desktop\H
EALTH APP\frontend\node_mod
ules\esbuild\lib\main.js:67
7:12)
    at 
Socket.readFromStdout (C:\U
sers\User\OneDrive\Desktop\
HEALTH APP\frontend\node_mo
dules\esbuild\lib\main.js:6
00:7)
    at Socket.emit 
(node:events:519:28)
    at addChunk (node:inter
nal/streams/readable:561:12
)
    at readableAddChunkPush
ByteMode (node:internal/str
eams/readable:512:3)
    at Readable.push (node:
internal/streams/readable:3
92:5)
    at Pipe.onStreamRead (n
ode:internal/stream_base_co
mmons:189:23)[39m
